<?xml version="1.0" encoding="UTF-8"?>
<!-- Generated by org.testng.reporters.JUnitReportReporter -->
<testsuite hostname="JesseJonh" failures="0" tests="8" name="testcase.LoginTest" time="71.751" errors="0" timestamp="2026-09-04T18:29:54 ICT" skipped="0">
  <testcase classname="testcase.LoginTest" name="verify_Login_Successfully" time="8.776"/>
  <testcase classname="testcase.LoginTest" name="verify_Login_With_Wrong_Password" time="4.954"/>
  <testcase classname="testcase.LoginTest" name="verify_Login_With_Wrong_Account" time="4.755"/>
  <testcase classname="testcase.LoginTest" name="verify_Login_Empty_Account_And_Password" time="3.883"/>
  <testcase classname="testcase.LoginTest" name="verify_Login_With_Remember_Me" time="11.226"/>
  <testcase classname="testcase.LoginTest" name="verify_Register_link" time="3.839"/>
  <testcase classname="testcase.LoginTest" name="verify_Show_Hide_Password" time="30.514"/>
  <testcase classname="testcase.LoginTest" name="verify_Refresh_Page" time="3.804"/>
</testsuite> <!-- testcase.LoginTest -->
