<?xml version="1.0" encoding="UTF-8"?>
<testng-results ignored="0" total="1" passed="1" failed="0" skipped="0">
  <reporter-output>
  </reporter-output>
  <suite started-at="2026-09-02T15:50:30 ICT" name="Gradle suite" finished-at="2026-09-02T15:50:59 ICT" duration-ms="29353">
    <groups>
    </groups>
    <test started-at="2026-09-02T15:50:30 ICT" name="Gradle test" finished-at="2026-09-02T15:50:59 ICT" duration-ms="29353">
      <class name="testcase.LoginTest">
        <test-method is-config="true" signature="beforeSuite()[pri:0, instance:testcase.LoginTest@3383649e]" started-at="2026-09-02T15:50:30 ICT" name="beforeSuite" finished-at="2026-09-02T15:50:30 ICT" duration-ms="274" status="PASS">
          <reporter-output>
          </reporter-output>
        </test-method> <!-- beforeSuite -->
        <test-method is-config="true" signature="beforeMethod(java.lang.reflect.Method)[pri:0, instance:testcase.LoginTest@3383649e]" started-at="2026-09-02T15:50:30 ICT" name="beforeMethod" finished-at="2026-09-02T15:50:32 ICT" duration-ms="1949" status="PASS">
          <params>
            <param index="0">
              <value>
                <![CDATA[public void testcase.LoginTest.verify_RefershPage()]]>
              </value>
            </param>
          </params>
          <reporter-output>
          </reporter-output>
        </test-method> <!-- beforeMethod -->
        <test-method signature="verify_RefershPage()[pri:6, instance:testcase.LoginTest@3383649e]" started-at="2026-09-02T15:50:32 ICT" name="verify_RefershPage" finished-at="2026-09-02T15:50:59 ICT" duration-ms="26936" status="PASS">
          <reporter-output>
          </reporter-output>
        </test-method> <!-- verify_RefershPage -->
        <test-method is-config="true" signature="afterMethod(org.testng.ITestResult)[pri:0, instance:testcase.LoginTest@3383649e]" started-at="2026-09-02T15:50:59 ICT" name="afterMethod" finished-at="2026-09-02T15:50:59 ICT" duration-ms="419" status="PASS">
          <params>
            <param index="0">
              <value>
                <![CDATA[[TestResult name=verify_RefershPage status=SUCCESS method=LoginTest.verify_RefershPage()[pri:6, instance:testcase.LoginTest@3383649e] output={null}]]]>
              </value>
            </param>
          </params>
          <reporter-output>
          </reporter-output>
        </test-method> <!-- afterMethod -->
        <test-method is-config="true" signature="afterSuite()[pri:0, instance:testcase.LoginTest@3383649e]" started-at="2026-09-02T15:50:59 ICT" name="afterSuite" finished-at="2026-09-02T15:51:00 ICT" duration-ms="426" status="PASS">
          <reporter-output>
          </reporter-output>
        </test-method> <!-- afterSuite -->
      </class> <!-- testcase.LoginTest -->
    </test> <!-- Gradle test -->
  </suite> <!-- Gradle suite -->
</testng-results>
