<?xml version="1.0" encoding="UTF-8"?>
<!-- Generated by org.testng.reporters.JUnitXMLReporter -->
<testsuite ignored="0" hostname="JesseJonh" failures="1" tests="1" name="Gradle test" time="15.139" errors="0" timestamp="2026-08-31T14:18:03 ICT">
  <testcase classname="testcase.LoginTest" name="verify_Login" time="12.293">
    <failure type="org.openqa.selenium.TimeoutException" message="Expected condition failed: waiting for visibility of element found by By.id: swal2-title, but... org.openqa.selenium.NoSuchElementException: no such element: Unable to locate element: {&amp;quot;method&amp;quot;:&amp;quot;css selector&amp;quot;,&amp;quot;selector&amp;quot;:&amp;quot;#swal2\-title&amp;quot;}.
(tried for 10 seconds with 500 milliseconds interval)
Build info: version: &amp;apos;4.47.0&amp;apos;, revision: &amp;apos;9175ed9 9175ed94d83e87cc3abeb7c9fd91367d17849d35&amp;apos;
System info: os.name: &amp;apos;Windows 11&amp;apos;, os.arch: &amp;apos;amd64&amp;apos;, os.version: &amp;apos;10.0&amp;apos;, java.version: &amp;apos;21.0.10&amp;apos;
Driver info: org.openqa.selenium.chrome.ChromeDriver
Capabilities {acceptInsecureCerts: false, browserName: chrome, browserVersion: 152.0.7977.64, chrome: {chromedriverVersion: 152.0.7977.64 (506c834eccea..., userDataDir: C:\Users\ahihi\AppData\Loca...}, fedcm:accounts: true, goog:chromeOptions: {debuggerAddress: localhost:61916}, goog:processID: 16884, networkConnectionEnabled: false, pageLoadStrategy: normal, platformName: windows, proxy: Proxy(), se:cdp: ws://localhost:61916/devtoo..., se:cdpVersion: 152.0.7977.64, setWindowRect: true, strictFileInteractability: false, timeouts: {implicit: 0, pageLoad: 300000, script: 30000}, unhandledPromptBehavior: dismiss and notify, webauthn:extension:credBlob: true, webauthn:extension:largeBlob: true, webauthn:extension:minPinLength: true, webauthn:extension:prf: true, webauthn:virtualAuthenticators: true}
Session ID: a11a84fe8a2b0f0348bed11ea010dd0a">
      <![CDATA[org.openqa.selenium.TimeoutException: Expected condition failed: waiting for visibility of element found by By.id: swal2-title, but... org.openqa.selenium.NoSuchElementException: no such element: Unable to locate element: {"method":"css selector","selector":"#swal2\-title"}.
(tried for 10 seconds with 500 milliseconds interval)
Build info: version: '4.47.0', revision: '9175ed9 9175ed94d83e87cc3abeb7c9fd91367d17849d35'
System info: os.name: 'Windows 11', os.arch: 'amd64', os.version: '10.0', java.version: '21.0.10'
Driver info: org.openqa.selenium.chrome.ChromeDriver
Capabilities {acceptInsecureCerts: false, browserName: chrome, browserVersion: 152.0.7977.64, chrome: {chromedriverVersion: 152.0.7977.64 (506c834eccea..., userDataDir: C:\Users\ahihi\AppData\Loca...}, fedcm:accounts: true, goog:chromeOptions: {debuggerAddress: localhost:61916}, goog:processID: 16884, networkConnectionEnabled: false, pageLoadStrategy: normal, platformName: windows, proxy: Proxy(), se:cdp: ws://localhost:61916/devtoo..., se:cdpVersion: 152.0.7977.64, setWindowRect: true, strictFileInteractability: false, timeouts: {implicit: 0, pageLoad: 300000, script: 30000}, unhandledPromptBehavior: dismiss and notify, webauthn:extension:credBlob: true, webauthn:extension:largeBlob: true, webauthn:extension:minPinLength: true, webauthn:extension:prf: true, webauthn:virtualAuthenticators: true}
Session ID: a11a84fe8a2b0f0348bed11ea010dd0a
at org.openqa.selenium.support.ui.WebDriverWait.timeoutException(WebDriverWait.java:85)
at org.openqa.selenium.support.ui.FluentWait.until(FluentWait.java:234)
at base.BasePage.waitVisibilityOfElementLocated(BasePage.java:28)
at base.BasePage.getText(BasePage.java:75)
at base.BasePage.getText(BasePage.java:81)
at Pages.modals.CommonModal.getMessageText(CommonModal.java:17)
at testcase.LoginTest.verify_Login(LoginTest.java:43)
at java.base/java.util.ArrayList.forEach(ArrayList.java:1596)
at jdk.proxy1/jdk.proxy1.$Proxy4.stop(Unknown Source)
... Removed 41 stack frames]]>
    </failure>
  </testcase> <!-- verify_Login -->
</testsuite> <!-- Gradle test -->
